CRITICAL - 2022-12-27 05:58:13 --> include_once(connection.php): failed to open stream: No such file or directory
in APPPATH\Views\masjid.php on line 51.
 1 APPPATH\Views\masjid.php(51): CodeIgniter\Debug\Exceptions->errorHandler(2, 'include_once(connection.php): failed to open stream: No such file or directory', 'APPPATH\\Views\\masjid.php', 51, [...])
 2 APPPATH\Views\masjid.php(51): include_once()
 3 SYSTEMPATH\View\View.php(213): include('APPPATH\\Views\\masjid.php')
 4 SYSTEMPATH\View\View.php(216): CodeIgniter\View\View->CodeIgniter\View\{closure}()
 5 SYSTEMPATH\Common.php(1135): CodeIgniter\View\View->render('masjid', [], true)
 6 APPPATH\Controllers\Masjid.php(15): view('masjid', [...])
 7 SYSTEMPATH\CodeIgniter.php(925): App\Controllers\Masjid->index()
 8 SYSTEMPATH\CodeIgniter.php(480): CodeIgniter\CodeIgniter->runController(Object(App\Controllers\Masjid))
 9 SYSTEMPATH\CodeIgniter.php(349): CodeIgniter\CodeIgniter->handleRequest(null, Object(Config\Cache), false)
10 FCPATH\index.php(67): CodeIgniter\CodeIgniter->run()
CRITICAL - 2022-12-27 05:58:19 --> include_once(connection.php): failed to open stream: No such file or directory
in APPPATH\Views\masjid.php on line 51.
 1 APPPATH\Views\masjid.php(51): CodeIgniter\Debug\Exceptions->errorHandler(2, 'include_once(connection.php): failed to open stream: No such file or directory', 'APPPATH\\Views\\masjid.php', 51, [...])
 2 APPPATH\Views\masjid.php(51): include_once()
 3 SYSTEMPATH\View\View.php(213): include('APPPATH\\Views\\masjid.php')
 4 SYSTEMPATH\View\View.php(216): CodeIgniter\View\View->CodeIgniter\View\{closure}()
 5 SYSTEMPATH\Common.php(1135): CodeIgniter\View\View->render('masjid', [], true)
 6 APPPATH\Controllers\Masjid.php(15): view('masjid', [...])
 7 SYSTEMPATH\CodeIgniter.php(925): App\Controllers\Masjid->index()
 8 SYSTEMPATH\CodeIgniter.php(480): CodeIgniter\CodeIgniter->runController(Object(App\Controllers\Masjid))
 9 SYSTEMPATH\CodeIgniter.php(349): CodeIgniter\CodeIgniter->handleRequest(null, Object(Config\Cache), false)
10 FCPATH\index.php(67): CodeIgniter\CodeIgniter->run()
CRITICAL - 2022-12-27 08:13:27 --> Invalid argument supplied for foreach()
in APPPATH\Views\masjid_add.php on line 66.
 1 APPPATH\Views\masjid_add.php(66): CodeIgniter\Debug\Exceptions->errorHandler(2, 'Invalid argument supplied for foreach()', 'APPPATH\\Views\\masjid_add.php', 66, [...])
 2 SYSTEMPATH\View\View.php(213): include('APPPATH\\Views\\masjid_add.php')
 3 SYSTEMPATH\View\View.php(216): CodeIgniter\View\View->CodeIgniter\View\{closure}()
 4 SYSTEMPATH\Common.php(1135): CodeIgniter\View\View->render('masjid_add', [], true)
 5 APPPATH\Controllers\Masjid.php(79): view('masjid_add', [...])
 6 SYSTEMPATH\CodeIgniter.php(925): App\Controllers\Masjid->add()
 7 SYSTEMPATH\CodeIgniter.php(480): CodeIgniter\CodeIgniter->runController(Object(App\Controllers\Masjid))
 8 SYSTEMPATH\CodeIgniter.php(349): CodeIgniter\CodeIgniter->handleRequest(null, Object(Config\Cache), false)
 9 FCPATH\index.php(67): CodeIgniter\CodeIgniter->run()
